c:\users\tokky\onedrive\desktop\akunun entel uygulamalari\akuuygulamasi\akuuygulamasi\x64\release\vc143.pdb
c:\users\tokky\onedrive\desktop\akunun entel uygulamalari\akuuygulamasi\akuuygulamasi\x64\release\akubot.obj
c:\users\tokky\onedrive\desktop\akunun entel uygulamalari\akuuygulamasi\akuuygulamasi\x64\release\akuuygulamasi.obj
c:\users\tokky\onedrive\desktop\akunun entel uygulamalari\akuuygulamasi\x64\release\akuuygulamasi.exe
c:\users\tokky\onedrive\desktop\akunun entel uygulamalari\akuuygulamasi\x64\release\akuuygulamasi.pdb
c:\users\tokky\onedrive\desktop\akunun entel uygulamalari\akuuygulamasi\akuuygulamasi\x64\release\akuuygulamasi.res
c:\users\tokky\onedrive\desktop\akunun entel uygulamalari\akuuygulamasi\akuuygulamasi\x64\release\resource.res
c:\users\tokky\onedrive\desktop\akunun entel uygulamalari\akuuygulamasi\akuuygulamasi\x64\release\akuuygulamasi.ipdb
c:\users\tokky\onedrive\desktop\akunun entel uygulamalari\akuuygulamasi\akuuygulamasi\x64\release\akuuygulamasi.iobj
c:\users\tokky\onedrive\desktop\akunun entel uygulamalari\akuuygulamasi\akuuygulamasi\x64\release\akuuygulamasi.tlog\cl.command.1.tlog
c:\users\tokky\onedrive\desktop\akunun entel uygulamalari\akuuygulamasi\akuuygulamasi\x64\release\akuuygulamasi.tlog\cl.items.tlog
c:\users\tokky\onedrive\desktop\akunun entel uygulamalari\akuuygulamasi\akuuygulamasi\x64\release\akuuygulamasi.tlog\cl.read.1.tlog
c:\users\tokky\onedrive\desktop\akunun entel uygulamalari\akuuygulamasi\akuuygulamasi\x64\release\akuuygulamasi.tlog\cl.write.1.tlog
c:\users\tokky\onedrive\desktop\akunun entel uygulamalari\akuuygulamasi\akuuygulamasi\x64\release\akuuygulamasi.tlog\link.command.1.tlog
c:\users\tokky\onedrive\desktop\akunun entel uygulamalari\akuuygulamasi\akuuygulamasi\x64\release\akuuygulamasi.tlog\link.read.1.tlog
c:\users\tokky\onedrive\desktop\akunun entel uygulamalari\akuuygulamasi\akuuygulamasi\x64\release\akuuygulamasi.tlog\link.secondary.1.tlog
c:\users\tokky\onedrive\desktop\akunun entel uygulamalari\akuuygulamasi\akuuygulamasi\x64\release\akuuygulamasi.tlog\link.write.1.tlog
c:\users\tokky\onedrive\desktop\akunun entel uygulamalari\akuuygulamasi\akuuygulamasi\x64\release\akuuygulamasi.tlog\rc.command.1.tlog
c:\users\tokky\onedrive\desktop\akunun entel uygulamalari\akuuygulamasi\akuuygulamasi\x64\release\akuuygulamasi.tlog\rc.read.1.tlog
c:\users\tokky\onedrive\desktop\akunun entel uygulamalari\akuuygulamasi\akuuygulamasi\x64\release\akuuygulamasi.tlog\rc.write.1.tlog
